app/build/outputs/logs/manifest-merger-debug-report.txt
-- Merging decision tree log ---
manifest
ADDED from src\main\AndroidManifest.xml:2:1-82:12
	package
		ADDED from src\main\AndroidManifest.xml:4:5-40
		INJECTED from src\main\AndroidManifest.xml
		INJECTED from src\main\AndroidManifest.xml
	android:versionName
		INJECTED from src\main\AndroidManifest.xml
		INJECTED from src\main\AndroidManifest.xml
	xmlns:tools
		ADDED from src\main\AndroidManifest.xml:3:5-51
	xmlns:android
		ADDED from src\main\AndroidManifest.xml:2:11-69
	android:versionCode
		INJECTED from src\main\AndroidManifest.xml
		INJECTED from src\main\AndroidManifest.xml
uses-permission#android.permission.CAMERA
ADDED from src\main\AndroidManifest.xml:6:5-65
	android:name
		ADDED from src\main\AndroidManifest.xml:6:22-62
uses-permission#android.permission.VIBRATE
ADDED from src\main\AndroidManifest.xml:7:5-66
	android:name
		ADDED from src\main\AndroidManifest.xml:7:22-63
uses-permission#android.permission.READ_SMS
ADDED from src\main\AndroidManifest.xml:8:5-67
	android:name
		ADDED from src\main\AndroidManifest.xml:8:22-64
uses-permission#android.permission.INTERNET
ADDED from src\main\AndroidManifest.xml:9:5-67
	android:name
		ADDED from src\main\AndroidManifest.xml:9:22-64
uses-permission#android.permission.WAKE_LOCK
ADDED from src\main\AndroidManifest.xml:10:5-68
	android:name
		ADDED from src\main\AndroidManifest.xml:10:22-65
uses-permission#android.permission.READ_LOGS
ADDED from src\main\AndroidManifest.xml:11:5-68
	android:name
		ADDED from src\main\AndroidManifest.xml:11:22-65
uses-permission#android.permission.ACCESS_GPS
ADDED from src\main\AndroidManifest.xml:12:5-69
	android:name
		ADDED from src\main\AndroidManifest.xml:12:22-66
uses-permission#android.permission.READ_CALL_LOG
ADDED from src\main\AndroidManifest.xml:13:5-72
	android:name
		ADDED from src\main\AndroidManifest.xml:13:22-69
uses-permission#android.permission.REORDER_TASKS
ADDED from src\main\AndroidManifest.xml:14:5-72
	android:name
		ADDED from src\main\AndroidManifest.xml:14:22-69
uses-permission#android.permission.READ_CONTACTS
ADDED from src\main\AndroidManifest.xml:15:5-72
	android:name
		ADDED from src\main\AndroidManifest.xml:15:22-69
uses-permission#android.permission.USE_FINGERPRINT
ADDED from src\main\AndroidManifest.xml:16:5-74
	android:name
		ADDED from src\main\AndroidManifest.xml:16:22-71
uses-permission#android.permission.ACCESS_LOCATION
ADDED from src\main\AndroidManifest.xml:17:5-74
	android:name
		ADDED from src\main\AndroidManifest.xml:17:22-71
uses-permission#android.permission.DISABLE_KEYGUARD
ADDED from src\main\AndroidManifest.xml:18:5-75
	android:name
		ADDED from src\main\AndroidManifest.xml:18:22-72
uses-permission#android.permission.READ_PHONE_STATE
ADDED from src\main\AndroidManifest.xml:19:5-75
	android:name
		ADDED from src\main\AndroidManifest.xml:19:22-72
uses-permission#android.permission.SYSTEM_ALERT_WINDOW
ADDED from src\main\AndroidManifest.xml:20:5-78
	android:name
		ADDED from src\main\AndroidManifest.xml:20:22-75
uses-permission#android.permission.ACCESS_FINE_LOCATION
ADDED from src\main\AndroidManifest.xml:21:5-79
	android:name
		ADDED from src\main\AndroidManifest.xml:21:22-76
uses-permission#android.permission.READ_EXTERNAL_STORAGE
ADDED from src\main\AndroidManifest.xml:22:5-80
	android:name
		ADDED from src\main\AndroidManifest.xml:22:22-77
uses-permission#android.permission.RECEIVE_BOOT_COMPLETED
ADDED from src\main\AndroidManifest.xml:23:5-81
	android:name
		ADDED from src\main\AndroidManifest.xml:23:22-78
uses-permission#android.permission.WRITE_EXTERNAL_STORAGE
ADDED from src\main\AndroidManifest.xml:24:5-81
	android:name
		ADDED from src\main\AndroidManifest.xml:24:22-78
uses-permission#android.permission.ACCESS_COARSE_LOCATION
ADDED from src\main\AndroidManifest.xml:25:5-81
	android:name
		ADDED from src\main\AndroidManifest.xml:25:22-78
uses-feature#android.hardware.camera
ADDED from src\main\AndroidManifest.xml:27:5-60
	android:name
		ADDED from src\main\AndroidManifest.xml:27:19-57
uses-feature#android.hardware.location.gps
ADDED from src\main\AndroidManifest.xml:28:5-66
	android:name
		ADDED from src\main\AndroidManifest.xml:28:19-63
uses-feature#android.hardware.camera.autofocus
ADDED from src\main\AndroidManifest.xml:29:5-70
	android:name
		ADDED from src\main\AndroidManifest.xml:29:19-67
application
ADDED from src\main\AndroidManifest.xml:31:5-80:19
MERGED from [com.android.support:design:25.3.1] AndroidManifest.xml:29:5-20
MERGED from [com.android.support:appcompat-v7:25.3.1] AndroidManifest.xml:29:5-20
MERGED from [com.android.support:animated-vector-drawable:25.3.1] AndroidManifest.xml:26:5-20
MERGED from [com.android.support:support-vector-drawable:25.3.1] AndroidManifest.xml:26:5-20
MERGED from [com.android.support:transition:25.3.1] AndroidManifest.xml:26:5-20
MERGED from [com.android.support:support-v4:25.3.1] AndroidManifest.xml:29:5-20
MERGED from [com.android.support:support-fragment:25.3.1] AndroidManifest.xml:29:5-20
MERGED from [com.android.support:support-media-compat:25.3.1] AndroidManifest.xml:29:5-20
MERGED from [com.android.support:support-core-ui:25.3.1] AndroidManifest.xml:29:5-20
MERGED from [com.android.support:support-core-utils:25.3.1] AndroidManifest.xml:29:5-20
MERGED from [com.android.support:support-compat:25.3.1] AndroidManifest.xml:29:5-20
	android:label
		ADDED from src\main\AndroidManifest.xml:36:9-41
	android:supportsRtl
		ADDED from src\main\AndroidManifest.xml:38:9-35
	android:fullBackupContent
		ADDED from src\main\AndroidManifest.xml:34:9-41
	tools:ignore
		ADDED from src\main\AndroidManifest.xml:39:9-59
	android:allowBackup
		ADDED from src\main\AndroidManifest.xml:33:9-35
	android:icon
		ADDED from src\main\AndroidManifest.xml:35:9-43
	android:largeHeap
		ADDED from src\main\AndroidManifest.xml:37:9-33
	tools:targetApi
		ADDED from src\main\AndroidManifest.xml:40:9-36
	android:name
		ADDED from src\main\AndroidManifest.xml:32:9-28
activity#com.scheme.chc.lockscreen.SettingsActivity
ADDED from src\main\AndroidManifest.xml:41:9-54:20
	android:screenOrientation
		ADDED from src\main\AndroidManifest.xml:47:13-49
	android:label
		ADDED from src\main\AndroidManifest.xml:45:13-45
	android:excludeFromRecents
		ADDED from src\main\AndroidManifest.xml:44:13-46
	android:launchMode
		ADDED from src\main\AndroidManifest.xml:46:13-44
	android:configChanges
		ADDED from src\main\AndroidManifest.xml:43:13-74
	android:theme
		ADDED from src\main\AndroidManifest.xml:48:13-71
	android:name
		ADDED from src\main\AndroidManifest.xml:42:13-45
intent-filter#android.intent.action.MAIN+android.intent.category.LAUNCHER
ADDED from src\main\AndroidManifest.xml:49:13-53:29
action#android.intent.action.MAIN
ADDED from src\main\AndroidManifest.xml:50:17-69
	android:name
		ADDED from src\main\AndroidManifest.xml:50:25-66
category#android.intent.category.LAUNCHER
ADDED from src\main\AndroidManifest.xml:52:17-77
	android:name
		ADDED from src\main\AndroidManifest.xml:52:27-74
activity#com.scheme.chc.lockscreen.LockScreenActivity
ADDED from src\main\AndroidManifest.xml:55:9-58:70
	android:screenOrientation
		ADDED from src\main\AndroidManifest.xml:57:13-49
	android:theme
		ADDED from src\main\AndroidManifest.xml:58:13-67
	android:name
		ADDED from src\main\AndroidManifest.xml:56:13-47
activity#com.scheme.chc.lockscreen.settings.SettingsActivity
ADDED from src\main\AndroidManifest.xml:59:9-62:47
	android:screenOrientation
		ADDED from src\main\AndroidManifest.xml:61:13-49
	android:theme
		ADDED from src\main\AndroidManifest.xml:62:13-44
	android:name
		ADDED from src\main\AndroidManifest.xml:60:13-54
service#com.scheme.chc.lockscreen.service.LockScreenService
ADDED from src\main\AndroidManifest.xml:66:9-62
	android:name
		ADDED from src\main\AndroidManifest.xml:66:18-59
receiver#com.scheme.chc.lockscreen.service.LockScreenReceiver
ADDED from src\main\AndroidManifest.xml:68:9-74:20
	android:enabled
		ADDED from src\main\AndroidManifest.xml:70:13-35
	android:name
		ADDED from src\main\AndroidManifest.xml:69:13-55
intent-filter#android.intent.action.BOOT_COMPLETED
ADDED from src\main\AndroidManifest.xml:71:13-73:29
action#android.intent.action.BOOT_COMPLETED
ADDED from src\main\AndroidManifest.xml:72:17-79
	android:name
		ADDED from src\main\AndroidManifest.xml:72:25-76
uses-sdk
INJECTED from src\main\AndroidManifest.xml reason: use-sdk injection requested
MERGED from [com.android.support:design:25.3.1] AndroidManifest.xml:21:5-23:62
MERGED from [com.android.support:appcompat-v7:25.3.1] AndroidManifest.xml:21:5-23:78
MERGED from [com.android.support:animated-vector-drawable:25.3.1] AndroidManifest.xml:20:5-44
MERGED from [com.android.support:support-vector-drawable:25.3.1] AndroidManifest.xml:20:5-43
MERGED from [com.android.support:recyclerview-v7:25.3.1] AndroidManifest.xml:20:5-43
MERGED from [com.android.support:transition:25.3.1] AndroidManifest.xml:20:5-44
MERGED from [com.android.support:support-v4:25.3.1] AndroidManifest.xml:21:5-23:54
MERGED from [com.android.support:support-fragment:25.3.1] AndroidManifest.xml:21:5-23:60
MERGED from [com.android.support:support-media-compat:25.3.1] AndroidManifest.xml:21:5-23:63
MERGED from [com.android.support:support-core-ui:25.3.1] AndroidManifest.xml:21:5-23:58
MERGED from [com.android.support:support-core-utils:25.3.1] AndroidManifest.xml:21:5-23:61
MERGED from [com.android.support:support-compat:25.3.1] AndroidManifest.xml:21:5-23:58
	tools:overrideLibrary
		ADDED from [com.android.support:design:25.3.1] AndroidManifest.xml:23:9-59
	android:targetSdkVersion
		INJECTED from src\main\AndroidManifest.xml
		INJECTED from src\main\AndroidManifest.xml
	android:minSdkVersion
		INJECTED from src\main\AndroidManifest.xml
		INJECTED from src\main\AndroidManifest.xml
meta-data#android.support.VERSION
ADDED from [com.android.support:design:25.3.1] AndroidManifest.xml:25:5-27:34
MERGED from [com.android.support:appcompat-v7:25.3.1] AndroidManifest.xml:25:5-27:34
MERGED from [com.android.support:animated-vector-drawable:25.3.1] AndroidManifest.xml:22:5-24:34
MERGED from [com.android.support:support-vector-drawable:25.3.1] AndroidManifest.xml:22:5-24:34
MERGED from [com.android.support:recyclerview-v7:25.3.1] AndroidManifest.xml:22:5-24:34
MERGED from [com.android.support:transition:25.3.1] AndroidManifest.xml:22:5-24:34
MERGED from [com.android.support:support-v4:25.3.1] AndroidManifest.xml:25:5-27:34
MERGED from [com.android.support:support-fragment:25.3.1] AndroidManifest.xml:25:5-27:34
MERGED from [com.android.support:support-media-compat:25.3.1] AndroidManifest.xml:25:5-27:34
MERGED from [com.android.support:support-core-ui:25.3.1] AndroidManifest.xml:25:5-27:34
MERGED from [com.android.support:support-core-utils:25.3.1] AndroidManifest.xml:25:5-27:34
MERGED from [com.android.support:support-compat:25.3.1] AndroidManifest.xml:25:5-27:34
	android:value
		ADDED from [com.android.support:design:25.3.1] AndroidManifest.xml:27:9-31
	android:name
		ADDED from [com.android.support:design:25.3.1] AndroidManifest.xml:26:9-47